  lab_14.cpp
C:\Users\Arsen\source\repos\lab_14\lab_14\Progression.h(21,35): warning C4290: спецификация исключений C++ игнорируется, кроме случая, когда указывается, что функция не является __declspec(nothrow)
C:\Users\Arsen\source\repos\lab_14\lab_14\Progression.h(22,34): warning C4290: спецификация исключений C++ игнорируется, кроме случая, когда указывается, что функция не является __declspec(nothrow)
C:\Users\Arsen\source\repos\lab_14\lab_14\Progression.h(23,36): warning C4290: спецификация исключений C++ игнорируется, кроме случая, когда указывается, что функция не является __declspec(nothrow)
  Progression.cpp
C:\Users\Arsen\source\repos\lab_14\lab_14\Progression.h(21,35): warning C4290: спецификация исключений C++ игнорируется, кроме случая, когда указывается, что функция не является __declspec(nothrow)
C:\Users\Arsen\source\repos\lab_14\lab_14\Progression.h(22,34): warning C4290: спецификация исключений C++ игнорируется, кроме случая, когда указывается, что функция не является __declspec(nothrow)
C:\Users\Arsen\source\repos\lab_14\lab_14\Progression.h(23,36): warning C4290: спецификация исключений C++ игнорируется, кроме случая, когда указывается, что функция не является __declspec(nothrow)
C:\Users\Arsen\source\repos\lab_14\lab_14\Progression.cpp(29,1): warning C4297: Progression::GetProgression1: ожидается, что функция не будет выдавать исключения, но она это делает
C:\Users\Arsen\source\repos\lab_14\lab_14\Progression.cpp(29,1): message : для функции указан атрибут __declspec(nothrow), throw(), noexcept(true) или noexcept
C:\Users\Arsen\source\repos\lab_14\lab_14\Progression.cpp(45,47): warning C4290: спецификация исключений C++ игнорируется, кроме случая, когда указывается, что функция не является __declspec(nothrow)
C:\Users\Arsen\source\repos\lab_14\lab_14\Progression.cpp(63,46): warning C4290: спецификация исключений C++ игнорируется, кроме случая, когда указывается, что функция не является __declspec(nothrow)
C:\Users\Arsen\source\repos\lab_14\lab_14\Progression.cpp(81,48): warning C4290: спецификация исключений C++ игнорируется, кроме случая, когда указывается, что функция не является __declspec(nothrow)
  Создание кода...
C:\Users\Arsen\source\repos\lab_14\lab_14\Progression.cpp(42): warning C4172: возвращение адреса локальной или временной переменной : S
C:\Users\Arsen\source\repos\lab_14\lab_14\Progression.cpp(78): warning C4172: возвращение адреса локальной или временной переменной : S
C:\Users\Arsen\source\repos\lab_14\lab_14\Progression.cpp(60): warning C4172: возвращение адреса локальной или временной переменной : S
C:\Users\Arsen\source\repos\lab_14\lab_14\Progression.cpp(24): warning C4172: возвращение адреса локальной или временной переменной : S
C:\Users\Arsen\source\repos\lab_14\lab_14\Progression.cpp(96): warning C4172: возвращение адреса локальной или временной переменной : S
  lab_14.vcxproj -> C:\Users\Arsen\source\repos\lab_14\x64\Debug\lab_14.exe
